test/books
88 -> 73 75 84 85 99 
89 -> 67 73 75 85 90 
90 -> 67 73 74 85 87 89 
91 -> 67 71 73 100 92 
92 -> 32 73 75 76 80 91 101 99 
93 -> 73 74 76 
94 -> 31 67 74 87 100 103 95 
95 -> 74 85 94 102 103 96 97 
96 -> 62 74 95 103 
97 -> 67 74 85 95 101 98 
10 -> 12 13 15 21 25 28 42 46 48 49 50 51 52 53 4 9 
98 -> 67 74 82 85 87 97 
11 -> 12 13 16 17 20 22 34 36 38 39 40 56 4 7 9 
99 -> 74 75 88 92 101 
12 -> 10 11 13 14 15 18 21 22 23 27 28 30 46 48 51 57 4 9 
13 -> 10 11 12 14 15 16 18 19 24 25 33 34 37 39 40 41 42 45 47 48 55 56 4 7 9 
14 -> 12 13 18 30 33 41 43 44 45 48 58 4 9 
15 -> 10 12 13 26 27 59 4 8 9 
16 -> 11 13 17 56 4 
17 -> 11 16 4 
18 -> 12 13 14 48 4 
19 -> 13 4 7 
1 -> 2 3 4 5 6 7 
2 -> 1 4 6 7 
3 -> 1 5 6 8 
4 -> 1 2 10 11 12 13 14 15 16 17 18 19 20 21 22 23 24 25 26 27 28 6 9 
5 -> 1 3 29 30 31 32 6 7 
6 -> 1 2 3 4 5 7 8 
7 -> 1 2 5 6 11 13 19 23 26 30 8 
8 -> 3 6 7 15 31 59 72 86 
9 -> 4 10 11 12 13 14 15 21 22 23 24 25 27 28 33 34 36 38 41 42 43 44 45 46 47 
20 -> 11 56 57 78 4 
21 -> 10 12 25 41 49 50 54 58 4 9 
22 -> 11 12 24 4 9 
23 -> 12 26 41 53 4 7 9 
24 -> 13 22 28 33 34 48 55 4 9 
25 -> 10 13 21 27 41 48 54 4 9 
26 -> 15 23 41 4 7 
27 -> 12 15 25 41 46 48 54 4 9 
28 -> 10 12 24 41 42 48 55 4 9 
29 -> 67 73 5 
30 -> 12 14 5 7 
31 -> 100 32 59 67 68 71 74 75 76 77 78 80 81 83 84 85 87 94 5 8 
32 -> 31 50 74 75 76 77 78 79 83 92 5 
33 -> 13 14 24 34 9 
34 -> 11 13 24 33 38 39 40 48 9 
35 -> 36 37 38 39 40 
36 -> 11 35 37 38 39 40 41 44 45 9 
37 -> 13 35 36 42 48 
38 -> 11 34 35 36 39 48 9 
39 -> 11 13 34 35 36 38 40 
40 -> 11 13 34 35 36 39 41 43 
41 -> 13 14 21 23 25 26 27 28 36 40 42 43 45 46 48 54 55 9 
42 -> 10 13 28 37 41 48 55 9 
43 -> 14 40 41 44 48 9 
44 -> 14 36 43 57 9 
45 -> 13 14 36 41 9 
46 -> 10 12 27 41 48 9 
47 -> 13 103 48 9 
48 -> 10 12 13 14 18 24 25 27 28 34 37 38 41 42 43 46 47 55 
49 -> 10 21 50 58 
50 -> 10 21 32 49 58 59 73 77 
51 -> 10 12 59 
52 -> 10 53 59 65 66 70 
53 -> 10 23 52 59 65 
54 -> 21 25 27 41 77 
55 -> 13 24 28 41 42 48 
56 -> 11 13 16 20 
57 -> 12 20 44 58 
58 -> 14 21 49 50 57 
59 -> 15 31 50 51 52 53 65 66 69 70 78 86 8 
60 -> 100 61 62 63 64 
61 -> 60 100 63 64 85 87 
62 -> 60 102 87 96 
63 -> 60 61 100 101 64 85 
64 -> 60 61 63 100 
65 -> 52 53 59 66 67 68 69 70 71 
66 -> 52 59 65 68 69 70 86 
67 -> 29 31 65 100 101 68 71 73 74 75 77 81 85 86 87 89 90 91 94 97 98 
68 -> 31 65 66 67 104 105 
69 -> 59 65 66 72 
70 -> 52 59 65 66 105 
71 -> 31 65 67 72 73 76 91 
72 -> 69 71 73 74 75 76 77 78 79 80 81 82 83 84 8 
73 -> 29 50 67 71 72 74 75 76 77 79 80 81 83 85 86 87 88 89 90 91 92 93 
74 -> 31 32 67 72 73 100 101 75 76 83 84 85 87 90 93 94 95 96 97 98 99 
75 -> 31 32 67 72 73 74 100 76 79 80 83 85 88 89 92 99 
76 -> 31 32 71 72 73 74 75 77 78 79 80 83 84 85 92 93 
77 -> 31 32 50 54 67 72 73 76 78 83 84 85 87 
78 -> 20 31 32 59 72 76 77 
79 -> 32 72 73 75 76 
100 -> 101 31 60 61 63 64 67 74 75 85 91 94 
101 -> 100 102 63 67 74 80 84 85 87 92 97 99 
102 -> 101 62 85 87 95 
103 -> 47 94 95 96 
104 -> 105 68 
105 -> 104 68 70 
80 -> 31 72 73 75 76 101 85 92 
81 -> 31 67 72 73 
82 -> 72 85 87 98 
83 -> 31 32 72 73 74 75 76 77 85 
84 -> 31 72 74 76 77 101 85 88 
85 -> 31 61 63 67 73 74 75 76 77 80 82 83 84 100 101 102 87 88 89 90 95 97 98 
86 -> 59 66 67 73 8 
87 -> 31 61 62 67 73 74 77 82 85 101 102 90 94 98 
Number of nodes: 105
Number of edges: 441
Maximum degrees: 25
Average degrees: 8.4
Solving: Greedy algorithm
Iteration: 0
Time: 1663804300144
Iteration: 1
Time: 1663804300148
Iteration: 2
Time: 1663804300151
Iteration: 3
Time: 1663804300154
Iteration: 4
Time: 1663804300156
Iteration: 5
Time: 1663804300157
Iteration: 6
Time: 1663804300159
Iteration: 7
Time: 1663804300160
Iteration: 8
Time: 1663804300162
Iteration: 9
Time: 1663804300164
Iteration: 10
Time: 1663804300165
Greedy algorithm
13 -> 10 11 12 14 15 16 18 19 24 25 33 34 37 39 40 41 42 45 47 48 55 56 4 7 9 
85 -> 31 61 63 67 73 74 75 76 77 80 82 83 84 100 101 102 87 88 89 90 95 97 98 
59 -> 15 31 50 51 52 53 65 66 69 70 78 86 8 
4 -> 1 2 10 11 12 13 14 15 16 17 18 19 20 21 22 23 24 25 26 27 28 6 9 
74 -> 31 32 67 72 73 100 101 75 76 83 84 85 87 90 93 94 95 96 97 98 99 
73 -> 29 50 67 71 72 74 75 76 77 79 80 81 83 85 86 87 88 89 90 91 92 93 
9 -> 4 10 11 12 13 14 15 21 22 23 24 25 27 28 33 34 36 38 41 42 43 44 45 46 47 
104 -> 105 68 
60 -> 100 61 62 63 64 
58 -> 14 21 49 50 57 
5 -> 1 3 29 30 31 32 6 7 
48 -> 10 12 13 14 18 24 25 27 28 34 37 38 41 42 43 46 47 55 
96 -> 62 74 95 103 
77 -> 31 32 50 54 67 72 73 76 78 83 84 85 87 
36 -> 11 35 37 38 39 40 41 44 45 9 
Time in nanoseconds : 1172700

Solving: Fomin set cover algorithm
Iteration: 0
Time: 1663804300167
Iteration: 1
Time: 1663804300569
Iteration: 2
Time: 1663804300842
Iteration: 3
Time: 1663804301144
Iteration: 4
Time: 1663804301335
Iteration: 5
Time: 1663804301482
Iteration: 6
Time: 1663804301619
Iteration: 7
Time: 1663804301802
Iteration: 8
Time: 1663804301956
Iteration: 9
Time: 1663804302082
Iteration: 10
Time: 1663804302207
Fomin set cover algorithm
96 -> 62 74 95 103 
13 -> 10 11 12 14 15 16 18 19 24 25 33 34 37 39 40 41 42 45 47 48 55 56 4 7 9 
4 -> 1 2 10 11 12 13 14 15 16 17 18 19 20 21 22 23 24 25 26 27 28 6 9 
5 -> 1 3 29 30 31 32 6 7 
21 -> 10 12 25 41 49 50 54 58 4 9 
36 -> 11 35 37 38 39 40 41 44 45 9 
44 -> 14 36 43 57 9 
59 -> 15 31 50 51 52 53 65 66 69 70 78 86 8 
60 -> 100 61 62 63 64 
68 -> 31 65 66 67 104 105 
73 -> 29 50 67 71 72 74 75 76 77 79 80 81 83 85 86 87 88 89 90 91 92 93 
74 -> 31 32 67 72 73 100 101 75 76 83 84 85 87 90 93 94 95 96 97 98 99 
85 -> 31 61 63 67 73 74 75 76 77 80 82 83 84 100 101 102 87 88 89 90 95 97 98 
Time in nanoseconds : 120272700

Solving: Rooij set cover algorithm
Iteration: 0
Time: 1663804302327
Iteration: 1
Time: 1663804302485
Iteration: 2
Time: 1663804302574
Iteration: 3
Time: 1663804302682
Iteration: 4
Time: 1663804302749
Iteration: 5
Time: 1663804302824
Iteration: 6
Time: 1663804302896
Iteration: 7
Time: 1663804302978
Iteration: 8
Time: 1663804303051
Iteration: 9
Time: 1663804303138
Iteration: 10
Time: 1663804303221
Rooij set cover algorithm
95 -> 74 85 94 102 103 96 97 
13 -> 10 11 12 14 15 16 18 19 24 25 33 34 37 39 40 41 42 45 47 48 55 56 4 7 9 
4 -> 1 2 10 11 12 13 14 15 16 17 18 19 20 21 22 23 24 25 26 27 28 6 9 
5 -> 1 3 29 30 31 32 6 7 
36 -> 11 35 37 38 39 40 41 44 45 9 
41 -> 13 14 21 23 25 26 27 28 36 40 42 43 45 46 48 54 55 9 
58 -> 14 21 49 50 57 
59 -> 15 31 50 51 52 53 65 66 69 70 78 86 8 
60 -> 100 61 62 63 64 
73 -> 29 50 67 71 72 74 75 76 77 79 80 81 83 85 86 87 88 89 90 91 92 93 
74 -> 31 32 67 72 73 100 101 75 76 83 84 85 87 90 93 94 95 96 97 98 99 
105 -> 104 68 70 
87 -> 31 61 62 67 73 74 77 82 85 101 102 90 94 98 
Time in nanoseconds : 74217900

Solving: Basic set cover
Solving: All combinations check
Greedy algorithm
1026500 1172700 1175500 1214800 1329200 1532100 1664400 2086600 2374200 2982800 
Median value: 1598250.000000
Average value: 1655880.000000
Min value: 1026500

Fomin set cover algorithm
120272700 123899700 125600700 136656600 147143100 154756100 182142300 191018900 273239900 301766000 
Median value: 168449200.000000
Average value: 175649600.000000
Min value: 120272700

Rooij set cover algorithm
68290000 71691400 72769900 74187800 74217900 81525200 82865300 88246200 88543000 106944500 
Median value: 82195250.000000
Average value: 80928120.000000
Min value: 68290000

Basic set cover
Graph is too large to find a median, average or min value for using this method.

All combinations check
Graph is too large to find a median, average or min value for using this method.

