test/dolphins
44 -> 15 30 34 38 39 47 54 
45 -> 3 21 35 39 
46 -> 9 16 19 22 24 25 30 38 51 52 60 
47 -> 44 50 
48 -> 1 11 21 29 31 43 
49 -> 58 
50 -> 35 47 
51 -> 15 17 21 34 43 46 52 
52 -> 5 12 19 22 24 25 30 46 51 56 
53 -> 15 30 39 41 
10 -> 6 7 14 18 33 42 58 
54 -> 44 62 
11 -> 1 3 30 43 48 
55 -> 2 7 8 14 20 42 58 
12 -> 52 
56 -> 16 52 
57 -> 6 7 
13 -> 34 
14 -> 6 7 10 18 33 42 55 58 
58 -> 6 7 10 14 18 40 42 49 55 
15 -> 1 4 17 25 34 35 38 39 41 44 51 53 
59 -> 39 
16 -> 1 19 25 41 46 56 60 
17 -> 15 21 34 38 39 51 
18 -> 2 7 10 14 23 26 28 32 58 
19 -> 16 21 22 25 30 46 52 
1 -> 11 15 16 41 43 48 
2 -> 18 20 27 28 29 37 42 55 
3 -> 11 43 45 62 
4 -> 9 15 60 
5 -> 52 
6 -> 10 14 57 58 
7 -> 10 14 18 55 57 58 
8 -> 20 28 31 41 55 
9 -> 4 21 29 38 46 60 
60 -> 4 9 16 37 46 
61 -> 33 
62 -> 3 38 54 
20 -> 2 8 31 55 
21 -> 9 17 19 29 37 39 45 48 51 
22 -> 19 30 34 38 46 52 
23 -> 18 
24 -> 37 46 52 
25 -> 15 16 19 30 46 52 
26 -> 18 27 28 
27 -> 2 26 28 
28 -> 2 8 18 26 27 
29 -> 2 9 21 31 48 
30 -> 11 19 22 25 36 44 46 52 53 
31 -> 8 20 29 43 48 
32 -> 18 
33 -> 10 14 61 
34 -> 13 15 17 22 35 38 39 41 44 51 
35 -> 15 34 38 45 50 
36 -> 30 
37 -> 2 21 24 38 40 41 60 
38 -> 9 15 17 22 34 35 37 41 44 46 62 
39 -> 15 17 21 34 44 45 53 59 
40 -> 37 58 
41 -> 1 8 15 16 34 37 38 53 
42 -> 2 10 14 55 58 
43 -> 1 3 11 31 48 51 
Number of nodes: 62
Number of edges: 159
Maximum degrees: 12
Average degrees: 5.129032258064516
Solving: Greedy algorithm
Iteration: 0
Time: 1663804386902
Iteration: 1
Time: 1663804386906
Iteration: 2
Time: 1663804386909
Iteration: 3
Time: 1663804386911
Iteration: 4
Time: 1663804386913
Iteration: 5
Time: 1663804386914
Iteration: 6
Time: 1663804386915
Iteration: 7
Time: 1663804386916
Iteration: 8
Time: 1663804386918
Iteration: 9
Time: 1663804386920
Iteration: 10
Time: 1663804386921
Greedy algorithm
15 -> 1 4 17 25 34 35 38 39 41 44 51 53 
58 -> 6 7 10 14 18 40 42 49 55 
46 -> 9 16 19 22 24 25 30 38 51 52 60 
48 -> 1 11 21 29 31 43 
18 -> 2 7 10 14 23 26 28 32 58 
52 -> 5 12 19 22 24 25 30 46 51 56 
2 -> 18 20 27 28 29 37 42 55 
3 -> 11 43 45 62 
47 -> 44 50 
61 -> 33 
13 -> 34 
36 -> 30 
6 -> 10 14 57 58 
28 -> 2 8 18 26 27 
49 -> 58 
59 -> 39 
54 -> 44 62 
Time in nanoseconds : 829700

Solving: Fomin set cover algorithm
Iteration: 0
Time: 1663804386922
Iteration: 1
Time: 1663804387006
Iteration: 2
Time: 1663804387019
Iteration: 3
Time: 1663804387025
Iteration: 4
Time: 1663804387031
Iteration: 5
Time: 1663804387037
Iteration: 6
Time: 1663804387042
Iteration: 7
Time: 1663804387048
Iteration: 8
Time: 1663804387055
Iteration: 9
Time: 1663804387061
Iteration: 10
Time: 1663804387067
Fomin set cover algorithm
50 -> 35 47 
52 -> 5 12 19 22 24 25 30 46 51 56 
57 -> 6 7 
58 -> 6 7 10 14 18 40 42 49 55 
15 -> 1 4 17 25 34 35 38 39 41 44 51 53 
18 -> 2 7 10 14 23 26 28 32 58 
2 -> 18 20 27 28 29 37 42 55 
60 -> 4 9 16 37 46 
61 -> 33 
62 -> 3 38 54 
30 -> 11 19 22 25 36 44 46 52 53 
31 -> 8 20 29 43 48 
34 -> 13 15 17 22 35 38 39 41 44 51 
39 -> 15 17 21 34 44 45 53 59 
Time in nanoseconds : 4557700

Solving: Rooij set cover algorithm
Iteration: 0
Time: 1663804387072
Iteration: 1
Time: 1663804387086
Iteration: 2
Time: 1663804387096
Iteration: 3
Time: 1663804387107
Iteration: 4
Time: 1663804387115
Iteration: 5
Time: 1663804387122
Iteration: 6
Time: 1663804387129
Iteration: 7
Time: 1663804387136
Iteration: 8
Time: 1663804387142
Iteration: 9
Time: 1663804387152
Iteration: 10
Time: 1663804387160
Rooij set cover algorithm
48 -> 1 11 21 29 31 43 
50 -> 35 47 
52 -> 5 12 19 22 24 25 30 46 51 56 
57 -> 6 7 
58 -> 6 7 10 14 18 40 42 49 55 
18 -> 2 7 10 14 23 26 28 32 58 
2 -> 18 20 27 28 29 37 42 55 
60 -> 4 9 16 37 46 
61 -> 33 
62 -> 3 38 54 
28 -> 2 8 18 26 27 
30 -> 11 19 22 25 36 44 46 52 53 
34 -> 13 15 17 22 35 38 39 41 44 51 
39 -> 15 17 21 34 44 45 53 59 
Time in nanoseconds : 7158300

Solving: Basic set cover
Solving: All combinations check
Greedy algorithm
782400 803600 829700 912400 1069900 1357200 1606300 1610800 2359000 2481900 
Median value: 1481750.000000
Average value: 1381320.000000
Min value: 782400

Fomin set cover algorithm
4557700 5278100 5430600 5624500 5746200 5909800 5987600 6135700 6507200 13252600 
Median value: 5948700.000000
Average value: 6443000.000000
Min value: 4557700

Rooij set cover algorithm
5643000 6671200 6673700 6890800 7158300 7240500 8831400 10124800 10540000 10757600 
Median value: 8035950.000000
Average value: 8053130.000000
Min value: 5643000

Basic set cover
Graph is too large to find a median, average or min value for using this method.

All combinations check
Graph is too large to find a median, average or min value for using this method.

