test/jazz
110 -> 100 101 105 106 107 108 109 122 123 131 132 135 136 139 143 154 168 170 171 174 179 182 32 33 35 40 44 50 58 60 62 63 64 65 66 69 70 73 8 88 95 98 99 
111 -> 106 108 116 117 118 121 122 123 125 132 137 146 153 168 170 171 190 192 193 194 195 196 23 31 32 50 53 54 56 57 60 61 69 7 70 71 83 9 93 94 95 
112 -> 10 103 11 113 114 127 130 141 150 151 158 161 164 192 195 196 14 49 53 57 60 61 69 7 70 71 74 87 
113 -> 10 11 112 114 158 161 164 196 49 53 57 7 71 
114 -> 10 103 11 112 113 125 127 130 131 132 136 141 142 146 151 158 161 164 183 190 192 193 195 196 12 14 18 49 50 53 56 57 60 61 69 7 70 71 74 83 87 88 93 94 
115 -> 148 152 153 157 167 172 3 
116 -> 111 117 118 119 121 122 134 135 137 153 168 179 181 33 38 39 40 71 9 91 
117 -> 111 116 118 121 122 137 153 168 179 183 25 71 9 
118 -> 111 116 117 121 122 125 129 132 136 137 142 143 146 153 168 170 174 175 177 183 190 192 193 194 43 49 59 60 69 70 71 79 8 82 83 84 89 9 93 94 99 
119 -> 116 120 134 135 179 33 38 40 91 
10 -> 103 11 112 113 114 127 130 14 141 151 158 161 164 192 195 196 49 53 57 60 61 69 70 71 74 87 7 
11 -> 10 112 113 114 135 139 158 161 162 164 179 189 196 23 32 38 49 53 57 71 80 7 9 
12 -> 114 129 170 18 19 194 195 196 197 31 49 53 54 55 56 57 60 61 71 73 83 
13 -> 102 128 140 147 148 149 153 155 156 167 169 172 173 176 189 191 25 26 28 73 85 86 92 4 5 
14 -> 10 112 114 127 130 141 150 151 158 161 164 185 186 192 194 195 54 60 61 69 70 87 96 2 7 
15 -> 104 105 107 16 24 48 81 91 
16 -> 15 104 105 107 24 48 78 81 91 
17 -> 136 62 
18 -> 12 114 128 129 131 132 136 140 147 149 158 167 172 183 184 19 191 194 195 196 197 29 31 50 53 54 55 56 57 60 61 73 77 86 88 90 96 
19 -> 12 18 129 130 136 185 192 194 195 196 197 20 31 49 53 54 55 56 57 60 61 70 5 7 
120 -> 119 
121 -> 111 116 117 118 122 125 132 136 137 142 143 146 153 158 168 174 175 177 183 190 192 193 196 43 49 57 59 60 69 70 71 8 82 83 89 9 93 94 99 
1 -> 100 101 103 104 108 131 132 154 159 168 171 24 35 42 46 60 74 78 8 81 95 98 99 
122 -> 100 101 105 106 107 108 109 110 111 116 117 118 121 123 125 131 132 135 136 137 143 146 153 154 168 171 179 190 192 193 32 33 35 40 43 44 58 59 60 62 63 64 65 66 69 7 70 71 82 9 93 94 95 98 99 
123 -> 100 101 105 106 107 108 109 110 111 122 131 132 135 154 162 168 179 183 187 188 31 32 33 35 40 42 44 46 50 58 60 61 62 63 64 65 66 81 98 99 
2 -> 14 150 54 
124 -> 128 138 140 153 176 184 198 26 28 29 5 77 86 90 96 97 
3 -> 115 153 167 172 
125 -> 108 111 114 118 121 122 130 132 136 142 146 151 168 171 175 177 183 190 192 193 49 54 60 69 7 70 90 93 94 95 96 
4 -> 102 13 138 147 153 156 167 169 172 173 176 189 26 5 77 85 
126 -> 128 136 144 147 149 153 167 172 174 27 29 5 51 75 76 79 96 
5 -> 4 102 124 126 128 13 136 138 140 144 147 149 153 155 156 163 167 169 172 173 176 189 19 191 194 196 197 21 26 27 28 29 51 53 54 57 73 75 76 77 79 85 86 90 96 97 
127 -> 10 112 114 130 136 141 142 150 151 158 164 171 174 178 185 192 195 14 49 60 61 67 69 7 70 83 89 93 95 
6 -> 152 157 
128 -> 102 124 126 136 138 140 144 147 149 153 155 156 167 169 172 173 176 184 189 191 192 13 18 26 27 28 29 5 51 73 75 76 77 79 85 86 88 90 96 97 
7 -> 10 103 108 11 111 112 113 114 122 125 127 129 130 132 136 14 141 146 150 151 158 161 164 168 170 171 177 178 185 19 190 192 193 194 195 196 197 36 49 53 55 56 57 60 61 67 69 70 71 72 74 81 83 87 93 94 95 
8 -> 1 100 101 110 118 121 131 132 136 142 154 168 171 174 35 46 60 89 95 98 99 
129 -> 118 12 136 170 175 183 194 195 196 197 18 19 31 36 53 54 55 56 57 60 61 7 84 
9 -> 11 111 116 117 118 121 122 135 137 139 153 162 168 179 189 23 32 38 71 80 
20 -> 19 136 137 158 168 24 60 70 78 80 87 
21 -> 5 
22 -> 100 101 105 108 131 132 136 164 170 174 178 182 194 197 43 81 83 98 99 
23 -> 11 111 135 139 162 168 179 189 32 38 60 80 9 
24 -> 1 15 16 20 100 103 104 105 107 108 132 136 154 168 171 174 182 35 42 43 46 48 60 74 78 80 81 91 99 
25 -> 13 117 148 149 153 92 
26 -> 13 102 124 128 138 140 147 149 153 155 156 167 169 172 173 176 178 184 189 191 198 28 29 73 77 85 86 90 96 4 5 
27 -> 126 128 144 147 149 153 167 172 29 51 76 96 5 
28 -> 13 26 102 124 128 138 140 147 149 153 155 156 167 172 173 176 184 189 191 198 29 73 77 85 86 90 96 5 
29 -> 18 26 27 28 124 126 128 136 138 140 144 147 149 153 167 169 172 176 184 191 198 51 73 76 77 86 88 90 96 97 5 
130 -> 10 112 114 125 127 136 141 146 150 151 158 161 164 177 185 186 190 192 193 194 195 14 19 49 54 57 60 61 69 7 70 87 93 94 96 
131 -> 1 100 101 105 106 107 108 109 110 114 122 123 132 135 136 139 154 158 164 168 170 171 174 178 179 182 183 194 196 197 18 22 32 33 35 40 43 44 46 50 53 56 58 60 62 63 64 65 66 8 81 83 88 95 98 99 
132 -> 1 100 101 105 106 107 108 109 110 111 114 118 121 122 123 125 131 135 136 141 142 146 154 158 164 166 168 170 171 174 178 179 182 183 187 190 192 193 194 196 197 18 22 24 32 33 35 40 43 44 46 50 53 56 58 60 62 63 64 65 66 68 69 7 70 8 81 83 88 89 93 94 95 98 99 
133 -> 155 156 167 180 37 90 
134 -> 116 119 135 159 179 195 33 38 40 67 83 84 91 
135 -> 100 101 105 106 107 108 109 11 110 116 119 122 123 131 132 134 139 154 159 162 166 168 171 179 187 189 195 23 32 33 35 38 40 44 58 60 62 63 64 65 66 67 68 80 83 84 9 91 95 98 99 
136 -> 100 101 105 108 110 114 118 121 122 125 126 127 128 129 130 131 132 137 138 140 141 142 143 144 146 147 149 150 151 158 161 162 163 164 167 168 170 171 172 174 175 177 178 182 183 184 185 188 190 191 192 193 194 196 197 17 18 19 20 22 24 29 41 42 43 45 49 5 51 57 59 60 65 66 67 69 7 70 73 75 76 77 78 79 8 81 82 83 84 86 88 89 90 93 94 95 96 97 98 99 
137 -> 111 116 117 118 121 122 136 153 158 168 188 20 71 78 83 9 
138 -> 102 124 128 136 145 147 149 155 167 169 172 173 178 26 28 29 4 5 77 86 90 96 97 
139 -> 11 110 131 135 162 179 189 23 32 38 44 50 64 65 66 80 9 91 
30 -> 34 
31 -> 12 18 19 106 111 123 129 170 194 195 196 197 32 53 54 55 56 57 60 61 
32 -> 11 23 31 100 101 105 106 107 108 109 110 111 122 123 131 132 135 139 154 162 168 179 189 33 35 38 40 44 58 60 61 62 63 64 65 66 80 91 98 99 9 
33 -> 32 100 101 105 106 107 108 109 110 116 119 122 123 131 132 134 135 154 168 179 35 38 40 44 58 60 62 63 64 65 66 91 98 99 
34 -> 30 192 70 83 
35 -> 1 24 32 33 100 101 103 104 105 106 107 108 109 110 122 123 131 132 135 154 166 168 170 171 179 187 40 44 46 58 60 62 63 64 65 66 68 74 78 95 98 99 8 
36 -> 129 150 158 161 164 170 174 178 192 194 195 196 197 49 53 54 55 56 60 67 70 72 81 83 87 7 
37 -> 133 153 155 180 90 
38 -> 11 23 32 33 105 116 119 134 135 139 162 179 189 40 44 63 80 91 9 
39 -> 116 149 153 181 51 80 
140 -> 102 124 128 13 136 147 149 153 155 156 167 169 172 173 176 184 189 191 198 18 26 28 29 5 73 77 85 86 88 90 96 
141 -> 10 112 114 127 130 132 136 14 142 151 158 171 174 192 195 60 61 69 7 70 83 89 95 
142 -> 114 118 121 125 127 132 136 141 143 149 150 158 161 164 168 171 174 185 193 196 49 57 60 69 70 79 8 83 89 95 96 
143 -> 110 118 121 122 136 142 174 43 49 59 69 70 73 79 82 88 99 
144 -> 126 128 136 147 149 153 172 174 198 27 29 5 51 75 76 79 96 
145 -> 138 167 
146 -> 108 111 114 118 121 122 125 130 132 136 151 168 171 175 177 183 190 192 193 54 60 69 7 70 93 94 95 
147 -> 102 126 128 13 136 138 140 144 149 153 156 167 169 172 173 174 176 184 189 191 18 26 27 28 29 4 5 51 73 75 76 77 79 85 86 88 90 96 97 
148 -> 115 13 153 25 92 
149 -> 126 128 13 136 138 140 142 144 147 150 153 155 156 160 163 167 169 172 173 174 176 178 181 184 189 191 194 195 18 25 26 27 28 29 39 49 5 51 53 54 67 73 75 76 77 79 83 85 86 88 89 90 96 97 
40 -> 32 33 35 38 100 101 105 106 107 108 109 110 116 119 122 123 131 132 134 135 154 168 179 44 58 60 62 63 64 65 66 91 98 99 
41 -> 136 45 77 86 88 96 97 
42 -> 1 24 104 106 123 136 159 182 183 46 50 81 
43 -> 22 24 100 101 105 108 118 121 122 131 132 136 143 158 162 164 170 174 178 182 194 197 59 78 81 82 83 98 99 
44 -> 32 33 35 38 40 100 101 105 106 107 108 109 110 122 123 131 132 135 139 154 166 168 171 179 187 50 58 60 62 63 64 65 66 68 91 98 99 
45 -> 41 136 77 86 88 96 97 
46 -> 1 24 35 42 100 101 104 106 123 131 132 154 159 168 171 183 50 60 81 95 98 99 8 
47 -> 155 167 180 
48 -> 15 16 24 104 105 107 81 91 
49 -> 10 11 12 19 36 112 113 114 118 121 125 127 130 136 142 143 149 150 158 161 162 164 174 178 185 192 194 195 196 52 53 54 57 60 67 69 70 71 79 83 90 7 
150 -> 103 112 127 130 136 14 142 149 151 158 161 164 170 178 185 186 192 194 195 196 2 36 49 53 54 55 56 60 67 69 7 70 71 72 74 81 83 87 96 
151 -> 10 112 114 125 127 130 136 14 141 146 150 158 177 185 190 192 193 195 60 61 69 7 70 
152 -> 115 157 6 
153 -> 111 115 116 117 118 121 122 124 126 128 13 137 140 144 147 148 149 163 167 168 172 181 198 25 26 27 28 29 3 37 39 4 5 51 71 76 86 9 90 92 96 
154 -> 1 100 101 103 104 105 106 107 108 109 110 122 123 131 132 135 166 168 170 171 179 187 24 32 33 35 40 44 46 58 60 62 63 64 65 66 68 74 78 8 95 98 99 
155 -> 128 13 133 138 140 149 156 167 178 180 189 191 26 28 37 47 5 73 85 86 
156 -> 102 128 13 133 140 147 149 155 167 169 172 173 176 189 191 26 28 4 5 73 85 86 
157 -> 115 152 180 6 
158 -> 10 11 112 113 114 121 127 130 131 132 136 137 14 141 142 150 151 161 164 168 170 171 174 178 183 186 188 192 194 195 196 18 20 36 43 49 50 53 54 55 56 57 59 60 61 67 69 7 70 71 78 81 83 84 87 88 89 95 96 
159 -> 1 104 134 135 195 42 46 67 83 84 
50 -> 18 42 44 46 106 110 111 114 123 131 132 139 158 166 168 179 183 196 53 56 60 64 65 66 68 81 88 
51 -> 27 29 39 5 126 128 136 144 147 149 153 167 172 174 181 75 76 79 96 
52 -> 49 196 53 60 83 88 
53 -> 10 11 12 18 19 31 36 49 5 50 52 111 112 113 114 129 131 132 149 150 158 161 164 170 178 183 194 195 196 197 54 55 56 57 60 61 67 71 81 83 88 7 
54 -> 12 14 18 19 2 31 36 49 5 53 111 125 129 130 146 149 150 158 161 164 168 170 174 177 178 186 190 192 193 194 195 196 197 55 56 57 60 61 67 69 70 83 87 93 94 96 
55 -> 12 18 19 31 36 53 54 129 150 158 164 170 178 194 195 196 197 56 57 60 61 67 81 83 7 
56 -> 12 18 19 31 36 50 53 54 55 111 114 129 131 132 150 158 164 170 178 183 194 195 196 197 57 60 61 67 81 83 88 7 
57 -> 10 11 12 18 19 31 49 5 53 54 55 56 111 112 113 114 121 129 130 136 142 158 161 164 185 192 194 195 196 197 60 61 70 71 83 89 7 
58 -> 32 33 35 40 44 100 101 105 106 107 108 109 110 122 123 131 132 135 154 162 168 179 187 188 60 62 63 64 65 66 98 99 
59 -> 43 100 118 121 122 136 143 158 162 174 82 99 
160 -> 149 
161 -> 10 103 11 112 113 114 130 136 14 142 150 158 164 186 192 194 196 36 49 53 54 57 60 69 7 70 71 72 74 87 96 
162 -> 107 11 123 135 136 139 179 187 188 189 23 32 38 43 49 58 59 80 9 
163 -> 136 149 153 167 172 173 5 75 79 86 92 96 
164 -> 10 100 101 103 105 108 11 112 113 114 127 130 131 132 136 14 142 150 158 161 170 174 178 182 186 192 194 195 196 197 22 36 43 49 53 54 55 56 57 60 67 69 7 70 71 72 74 81 83 87 96 98 99 
165 -> 185 
166 -> 101 132 135 154 168 171 183 187 35 44 50 60 68 99 
167 -> 102 115 126 128 13 133 136 138 140 145 147 149 153 155 156 163 169 172 173 176 184 189 191 198 18 26 27 28 29 3 4 47 5 51 70 73 75 77 79 85 86 88 90 96 97 
168 -> 1 100 101 103 104 105 106 107 108 109 110 111 116 117 118 121 122 123 125 131 132 135 136 137 142 146 153 154 158 166 170 171 179 187 190 192 193 194 195 20 23 24 32 33 35 40 44 46 50 54 58 60 62 63 64 65 66 68 69 7 70 71 74 78 8 80 83 9 91 93 94 95 98 99 
169 -> 102 128 13 138 140 147 149 156 167 172 173 176 189 26 29 4 5 77 85 86 90 96 97 
60 -> 1 10 12 14 18 19 20 23 24 31 32 33 35 36 40 44 46 49 50 52 53 54 55 56 57 58 100 101 105 106 107 108 109 110 111 112 114 118 121 122 123 125 127 129 130 131 132 135 136 141 142 146 150 151 154 158 161 164 166 168 171 174 179 183 187 190 192 193 194 195 196 197 61 62 63 64 65 66 68 69 70 72 78 80 81 83 88 89 91 93 94 95 98 99 7 8 
61 -> 10 12 14 18 19 31 32 53 54 55 56 57 60 106 111 112 114 123 127 129 130 141 151 158 177 192 194 195 196 197 69 70 7 
62 -> 17 32 33 35 40 44 58 60 100 101 105 106 107 108 109 110 122 123 131 132 135 154 168 179 63 64 65 66 98 99 
63 -> 32 33 35 38 40 44 58 60 62 100 101 105 106 107 108 109 110 122 123 131 132 135 154 168 179 64 65 66 91 98 99 
64 -> 32 33 35 40 44 50 58 60 62 63 100 101 105 106 107 108 109 110 122 123 131 132 135 139 154 168 170 179 65 66 98 99 
65 -> 32 33 35 40 44 50 58 60 62 63 64 100 101 105 106 107 108 109 110 122 123 131 132 135 136 139 154 168 170 179 66 98 99 
66 -> 32 33 35 40 44 50 58 60 62 63 64 65 100 101 105 106 107 108 109 110 122 123 131 132 135 136 139 154 168 170 179 182 98 99 
67 -> 36 49 53 54 55 56 103 127 134 135 136 149 150 158 159 164 170 174 178 192 194 195 196 70 81 83 84 87 7 
68 -> 35 44 50 60 101 132 135 154 166 168 171 183 187 99 
69 -> 10 14 49 54 60 61 108 109 110 111 112 114 118 121 122 125 127 130 132 136 141 142 143 146 150 151 158 161 164 168 171 174 175 177 183 186 190 192 193 194 195 70 73 86 87 88 90 93 94 95 96 99 7 
170 -> 100 101 105 108 109 110 111 118 12 129 131 132 136 150 154 158 164 168 174 175 178 182 183 192 194 195 196 197 22 31 35 36 43 53 54 55 56 64 65 66 67 7 70 81 83 84 98 99 
171 -> 1 100 101 103 104 108 110 111 122 125 127 131 132 135 136 141 142 146 154 158 166 168 174 187 190 192 193 24 35 44 46 60 68 69 7 70 74 78 8 89 93 94 95 98 99 
172 -> 102 115 126 128 13 136 138 140 144 147 149 153 156 163 167 169 173 176 184 189 191 18 26 27 28 29 3 4 5 51 73 75 76 77 79 86 88 90 96 97 
173 -> 102 128 13 138 140 147 149 156 163 167 169 172 176 184 189 191 26 28 4 5 77 86 90 96 
174 -> 100 101 105 108 110 118 121 126 127 131 132 136 141 142 143 144 147 149 158 164 170 171 178 182 192 194 197 22 24 36 43 49 51 54 59 60 67 69 70 73 75 76 78 79 8 81 83 88 89 95 98 99 
175 -> 118 121 125 129 136 146 170 177 183 190 192 193 194 69 70 84 93 94 
176 -> 102 124 128 13 140 147 149 156 167 169 172 173 184 189 192 198 26 28 29 4 5 86 90 96 
177 -> 109 118 121 125 130 136 146 151 175 183 190 192 193 54 61 69 7 70 93 94 
178 -> 100 101 103 105 108 127 131 132 136 138 149 150 155 158 164 170 174 182 192 194 195 196 197 22 26 36 43 49 53 54 55 56 67 7 70 81 83 98 99 
179 -> 100 101 105 106 107 108 109 11 110 116 117 119 122 123 131 132 134 135 139 154 162 168 183 189 23 32 33 35 38 40 44 50 58 60 62 63 64 65 66 78 80 9 91 95 98 99 
70 -> 10 14 19 20 34 36 49 54 57 60 61 67 69 7 108 110 111 112 114 118 121 122 125 127 130 132 136 141 142 143 146 150 151 158 161 164 167 168 170 171 174 175 177 178 183 185 186 190 192 193 194 195 73 83 86 87 88 93 94 95 96 99 
71 -> 10 11 12 49 53 57 7 103 111 112 113 114 116 117 118 121 122 137 150 153 158 161 164 168 195 196 72 74 83 9 
72 -> 36 60 7 71 103 150 161 164 74 
73 -> 12 13 18 26 28 29 5 69 70 110 128 136 140 143 147 149 155 156 167 172 174 184 189 191 77 85 86 88 90 96 99 
74 -> 1 10 24 35 7 71 72 103 104 108 112 114 150 154 161 164 168 171 78 87 
75 -> 5 51 126 128 136 144 147 149 163 167 172 174 198 76 79 86 96 
76 -> 27 29 5 51 75 126 128 136 144 147 149 153 172 174 79 96 
77 -> 18 26 28 29 4 41 45 5 73 102 124 128 136 138 140 147 149 167 169 172 173 184 191 85 86 88 90 96 97 
78 -> 1 16 20 24 35 43 60 74 100 103 104 108 136 137 154 158 168 171 174 179 182 188 80 91 95 99 
79 -> 49 5 51 75 76 118 126 128 136 142 143 144 147 149 163 167 172 174 86 96 
180 -> 133 155 157 37 47 
181 -> 116 149 153 39 51 80 
182 -> 100 101 105 108 110 131 132 136 164 170 174 178 183 194 197 22 24 42 43 66 78 81 83 98 99 
183 -> 106 114 117 118 121 123 125 129 131 132 136 146 158 166 170 175 177 179 18 182 190 192 193 194 196 42 46 50 53 56 60 68 69 70 81 84 88 93 94 
184 -> 124 128 136 140 147 149 167 172 173 176 18 191 198 26 28 29 73 77 86 88 90 96 
185 -> 127 130 136 14 142 150 151 165 192 19 49 57 7 70 83 
186 -> 130 14 150 158 161 164 192 194 54 69 70 87 96 
187 -> 101 106 107 123 132 135 154 162 166 168 171 188 35 44 58 60 68 99 
188 -> 106 107 123 136 137 158 162 187 58 78 
189 -> 102 11 128 13 135 139 140 147 149 155 156 162 167 169 172 173 176 179 191 23 26 28 32 38 4 5 73 80 85 86 9 
80 -> 11 20 23 24 32 38 39 60 78 135 139 162 168 179 181 189 91 95 9 
81 -> 1 15 16 22 24 36 42 43 46 48 50 53 55 56 60 67 7 100 101 104 105 106 108 123 131 132 136 150 158 164 170 174 178 182 183 194 195 196 197 83 98 99 
82 -> 43 59 118 121 122 136 143 99 
83 -> 12 22 34 36 43 49 52 53 54 55 56 57 60 67 7 70 71 81 100 101 103 105 108 109 111 114 118 121 127 131 132 134 135 136 137 141 142 149 150 158 159 164 168 170 174 178 182 185 192 194 195 196 197 84 87 89 90 98 99 
84 -> 67 83 118 129 134 135 136 158 159 170 175 183 194 195 
85 -> 13 26 28 4 5 73 77 102 128 140 147 149 155 156 167 169 189 191 86 
86 -> 13 18 26 28 29 41 45 5 69 70 73 75 77 79 85 102 124 128 136 138 140 147 149 153 155 156 163 167 169 172 173 176 184 189 191 198 88 90 96 97 
87 -> 10 14 20 36 54 67 69 7 70 74 83 103 112 114 130 150 158 161 164 186 192 194 195 96 
88 -> 18 29 41 45 50 52 53 56 60 69 70 73 77 86 110 114 128 131 132 136 140 143 147 149 158 167 172 174 183 184 191 196 90 96 97 99 
89 -> 57 60 8 83 118 121 127 132 136 141 142 149 158 171 174 196 95 
190 -> 108 111 114 118 121 122 125 130 132 136 146 151 168 171 175 177 183 192 193 54 60 69 7 70 93 94 95 
191 -> 128 13 136 140 147 149 155 156 167 172 173 18 184 189 26 28 29 5 73 77 85 86 88 90 96 
192 -> 10 108 111 112 114 118 121 122 125 127 128 130 132 136 14 141 146 150 151 158 161 164 168 170 171 174 175 176 177 178 183 185 186 19 190 193 194 195 34 36 49 54 57 60 61 67 69 7 70 83 87 93 94 95 96 
193 -> 108 111 114 118 121 122 125 130 132 136 142 146 151 168 171 175 177 183 190 192 54 60 69 7 70 93 94 95 
194 -> 100 101 105 108 111 118 12 129 130 131 132 136 14 149 150 158 161 164 168 170 174 175 178 18 182 183 186 19 192 195 196 197 22 31 36 43 49 5 53 54 55 56 57 60 61 67 69 7 70 81 83 84 87 96 98 99 
195 -> 10 111 112 114 12 127 129 130 134 135 14 141 149 150 151 158 159 164 168 170 178 18 19 192 194 196 197 31 36 49 53 54 55 56 57 60 61 67 69 7 70 71 81 83 84 87 
196 -> 10 11 111 112 113 114 12 121 129 131 132 136 142 150 158 161 164 170 178 18 183 19 194 195 197 31 36 49 5 50 52 53 54 55 56 57 60 61 67 7 71 81 83 88 89 
197 -> 100 101 105 108 12 129 131 132 136 164 170 174 178 18 182 19 194 195 196 22 31 36 43 5 53 54 55 56 57 60 61 7 81 83 98 99 
198 -> 124 140 144 153 167 176 184 26 28 29 75 86 90 96 
90 -> 18 26 28 29 37 49 5 69 73 77 83 86 88 124 125 128 133 136 138 140 147 149 153 167 169 172 173 176 184 191 198 96 97 
91 -> 15 16 24 32 33 38 40 44 48 60 63 78 80 104 105 107 116 119 134 135 139 168 179 95 
92 -> 13 25 148 153 163 
93 -> 54 60 69 7 70 108 111 114 118 121 122 125 127 130 132 136 146 168 171 175 177 183 190 192 193 94 95 
94 -> 54 60 69 7 70 93 108 111 114 118 121 122 125 130 132 136 146 168 171 175 177 183 190 192 193 95 
95 -> 1 35 46 60 69 7 70 78 8 80 89 91 93 94 100 101 108 110 111 122 125 127 131 132 135 136 141 142 146 154 158 168 171 174 179 190 192 193 98 99 
96 -> 14 18 26 27 28 29 41 45 5 51 54 69 70 73 75 76 77 79 86 87 88 90 124 125 126 128 130 136 138 140 142 144 147 149 150 153 158 161 163 164 167 169 172 173 176 184 186 191 192 194 198 97 
97 -> 29 41 45 5 77 86 88 90 96 124 128 136 138 147 149 167 169 172 
98 -> 1 22 32 33 35 40 43 44 46 58 60 62 63 64 65 66 8 81 83 95 100 101 105 106 107 108 109 110 122 123 131 132 135 136 154 164 168 170 171 174 178 179 182 194 197 99 
99 -> 1 22 24 32 33 35 40 43 44 46 58 59 60 62 63 64 65 66 68 69 70 73 78 8 81 82 83 88 95 98 100 101 105 106 107 108 109 110 118 121 122 123 131 132 135 136 143 154 164 166 168 170 171 174 178 179 182 187 194 197 
100 -> 1 101 105 106 107 108 109 110 122 123 131 132 135 136 154 164 168 170 171 174 178 179 182 194 197 22 24 32 33 35 40 43 44 46 58 59 60 62 63 64 65 66 78 8 81 83 95 98 99 
101 -> 1 100 105 106 107 108 109 110 122 123 131 132 135 136 154 164 166 168 170 171 174 178 179 182 187 194 197 22 32 33 35 40 43 44 46 58 60 62 63 64 65 66 68 8 81 83 95 98 99 
102 -> 128 138 140 147 156 167 169 172 173 176 189 13 26 28 4 5 77 85 86 
103 -> 1 10 104 108 112 114 150 154 161 164 168 171 178 24 35 67 7 71 72 74 78 83 87 
104 -> 1 103 105 107 108 154 159 168 171 15 16 24 35 42 46 48 74 78 81 91 
105 -> 100 101 104 106 107 108 109 110 122 123 131 132 135 136 154 164 168 170 174 178 179 182 194 197 15 16 22 24 32 33 35 38 40 43 44 48 58 60 62 63 64 65 66 81 83 91 98 99 
106 -> 100 101 105 107 108 109 110 111 122 123 131 132 135 154 168 179 183 187 188 31 32 33 35 40 42 44 46 50 58 60 61 62 63 64 65 66 81 98 99 
107 -> 100 101 104 105 106 108 109 110 122 123 131 132 135 154 162 168 179 187 188 15 16 24 32 33 35 40 44 48 58 60 62 63 64 65 66 91 98 99 
108 -> 1 100 101 103 104 105 106 107 109 110 111 122 123 125 131 132 135 136 146 154 164 168 170 171 174 178 179 182 190 192 193 194 197 22 24 32 33 35 40 43 44 58 60 62 63 64 65 66 69 7 70 74 78 81 83 93 94 95 98 99 
109 -> 100 101 105 106 107 108 110 122 123 131 132 135 154 168 170 177 179 32 33 35 40 44 58 60 62 63 64 65 66 69 83 98 99 
Number of nodes: 198
Number of edges: 2742
Maximum degrees: 100
Average degrees: 27.696969696969695
Solving: Greedy algorithm
Iteration: 0
Time: 1663804404508
Iteration: 1
Time: 1663804404526
Iteration: 2
Time: 1663804404530
Iteration: 3
Time: 1663804404534
Iteration: 4
Time: 1663804404538
Iteration: 5
Time: 1663804404544
Iteration: 6
Time: 1663804404548
Iteration: 7
Time: 1663804404552
Iteration: 8
Time: 1663804404556
Iteration: 9
Time: 1663804404560
Iteration: 10
Time: 1663804404564
Greedy algorithm
136 -> 100 101 105 108 110 114 118 121 122 125 126 127 128 129 130 131 132 137 138 140 141 142 143 144 146 147 149 150 151 158 161 162 163 164 167 168 170 171 172 174 175 177 178 182 183 184 185 188 190 191 192 193 194 196 197 17 18 19 20 22 24 29 41 42 43 45 49 5 51 57 59 60 65 66 67 69 7 70 73 75 76 77 78 79 8 81 82 83 84 86 88 89 90 93 94 95 96 97 98 99 
60 -> 1 10 12 14 18 19 20 23 24 31 32 33 35 36 40 44 46 49 50 52 53 54 55 56 57 58 100 101 105 106 107 108 109 110 111 112 114 118 121 122 123 125 127 129 130 131 132 135 136 141 142 146 150 151 154 158 161 164 166 168 171 174 179 183 187 190 192 193 194 195 196 197 61 62 63 64 65 66 68 69 70 72 78 80 81 83 88 89 91 93 94 95 98 99 7 8 
167 -> 102 115 126 128 13 133 136 138 140 145 147 149 153 155 156 163 169 172 173 176 184 189 191 198 18 26 27 28 29 3 4 47 5 51 70 73 75 77 79 85 86 88 90 96 97 
153 -> 111 115 116 117 118 121 122 124 126 128 13 137 140 144 147 148 149 163 167 168 172 181 198 25 26 27 28 29 3 37 39 4 5 51 71 76 86 9 90 92 96 
91 -> 15 16 24 32 33 38 40 44 48 60 63 78 80 104 105 107 116 119 134 135 139 168 179 95 
161 -> 10 103 11 112 113 114 130 136 14 142 150 158 164 186 192 194 196 36 49 53 54 57 60 69 7 70 71 72 74 87 96 
157 -> 115 152 180 6 
34 -> 30 192 70 83 
21 -> 5 
1 -> 100 101 103 104 108 131 132 154 159 168 171 24 35 42 46 60 74 78 8 81 95 98 99 
172 -> 102 115 126 128 13 136 138 140 144 147 149 153 156 163 167 169 173 176 184 189 191 18 26 27 28 29 3 4 5 51 73 75 76 77 79 86 88 90 96 97 
35 -> 1 24 32 33 100 101 103 104 105 106 107 108 109 110 122 123 131 132 135 154 166 168 170 171 179 187 40 44 46 58 60 62 63 64 65 66 68 74 78 95 98 99 8 
2 -> 14 150 54 
165 -> 185 
119 -> 116 120 134 135 179 33 38 40 91 
149 -> 126 128 13 136 138 140 142 144 147 150 153 155 156 160 163 167 169 172 173 174 176 178 181 184 189 191 194 195 18 25 26 27 28 29 39 49 5 51 53 54 67 73 75 76 77 79 83 85 86 88 89 90 96 97 
Time in nanoseconds : 4209300

Solving: Fomin set cover algorithm
Iteration: 0
Time: 1663804404569
Iteration: 1
Time: 1663804404936
Iteration: 2
Time: 1663804405146
Iteration: 3
Time: 1663804405366
Iteration: 4
Time: 1663804405561
Iteration: 5
Time: 1663804405742
Iteration: 6
Time: 1663804405911
Iteration: 7
Time: 1663804406099
Iteration: 8
Time: 1663804406281
Iteration: 9
Time: 1663804406459
Iteration: 10
Time: 1663804406636
Fomin set cover algorithm
119 -> 116 120 134 135 179 33 38 40 91 
11 -> 10 112 113 114 135 139 158 161 162 164 179 189 196 23 32 38 49 53 57 71 80 7 9 
5 -> 4 102 124 126 128 13 136 138 140 144 147 149 153 155 156 163 167 169 172 173 176 189 19 191 194 196 197 21 26 27 28 29 51 53 54 57 73 75 76 77 79 85 86 90 96 97 
136 -> 100 101 105 108 110 114 118 121 122 125 126 127 128 129 130 131 132 137 138 140 141 142 143 144 146 147 149 150 151 158 161 162 163 164 167 168 170 171 172 174 175 177 178 182 183 184 185 188 190 191 192 193 194 196 197 17 18 19 20 22 24 29 41 42 43 45 49 5 51 57 59 60 65 66 67 69 7 70 73 75 76 77 78 79 8 81 82 83 84 86 88 89 90 93 94 95 96 97 98 99 
34 -> 30 192 70 83 
149 -> 126 128 13 136 138 140 142 144 147 150 153 155 156 160 163 167 169 172 173 174 176 178 181 184 189 191 194 195 18 25 26 27 28 29 39 49 5 51 53 54 67 73 75 76 77 79 83 85 86 88 89 90 96 97 
150 -> 103 112 127 130 136 14 142 149 151 158 161 164 170 178 185 186 192 194 195 196 2 36 49 53 54 55 56 60 67 69 7 70 71 72 74 81 83 87 96 
153 -> 111 115 116 117 118 121 122 124 126 128 13 137 140 144 147 148 149 163 167 168 172 181 198 25 26 27 28 29 3 37 39 4 5 51 71 76 86 9 90 92 96 
157 -> 115 152 180 6 
167 -> 102 115 126 128 13 133 136 138 140 145 147 149 153 155 156 163 169 172 173 176 184 189 191 198 18 26 27 28 29 3 4 47 5 51 70 73 75 77 79 85 86 88 90 96 97 
60 -> 1 10 12 14 18 19 20 23 24 31 32 33 35 36 40 44 46 49 50 52 53 54 55 56 57 58 100 101 105 106 107 108 109 110 111 112 114 118 121 122 123 125 127 129 130 131 132 135 136 141 142 146 150 151 154 158 161 164 166 168 171 174 179 183 187 190 192 193 194 195 196 197 61 62 63 64 65 66 68 69 70 72 78 80 81 83 88 89 91 93 94 95 98 99 7 8 
185 -> 127 130 136 14 142 150 151 165 192 19 49 57 7 70 83 
104 -> 1 103 105 107 108 154 159 168 171 15 16 24 35 42 46 48 74 78 81 91 
Time in nanoseconds : 173316000

Solving: Rooij set cover algorithm
Iteration: 0
Time: 1663804406810
Iteration: 1
Time: 1663804407180
Iteration: 2
Time: 1663804407486
Iteration: 3
Time: 1663804407740
Iteration: 4
Time: 1663804407969
Iteration: 5
Time: 1663804408208
Iteration: 6
Time: 1663804408457
Iteration: 7
Time: 1663804408687
Iteration: 8
Time: 1663804408929
Iteration: 9
Time: 1663804409146
Iteration: 10
Time: 1663804409370
Rooij set cover algorithm
119 -> 116 120 134 135 179 33 38 40 91 
11 -> 10 112 113 114 135 139 158 161 162 164 179 189 196 23 32 38 49 53 57 71 80 7 9 
5 -> 4 102 124 126 128 13 136 138 140 144 147 149 153 155 156 163 167 169 172 173 176 189 19 191 194 196 197 21 26 27 28 29 51 53 54 57 73 75 76 77 79 85 86 90 96 97 
136 -> 100 101 105 108 110 114 118 121 122 125 126 127 128 129 130 131 132 137 138 140 141 142 143 144 146 147 149 150 151 158 161 162 163 164 167 168 170 171 172 174 175 177 178 182 183 184 185 188 190 191 192 193 194 196 197 17 18 19 20 22 24 29 41 42 43 45 49 5 51 57 59 60 65 66 67 69 7 70 73 75 76 77 78 79 8 81 82 83 84 86 88 89 90 93 94 95 96 97 98 99 
34 -> 30 192 70 83 
149 -> 126 128 13 136 138 140 142 144 147 150 153 155 156 160 163 167 169 172 173 174 176 178 181 184 189 191 194 195 18 25 26 27 28 29 39 49 5 51 53 54 67 73 75 76 77 79 83 85 86 88 89 90 96 97 
150 -> 103 112 127 130 136 14 142 149 151 158 161 164 170 178 185 186 192 194 195 196 2 36 49 53 54 55 56 60 67 69 7 70 71 72 74 81 83 87 96 
153 -> 111 115 116 117 118 121 122 124 126 128 13 137 140 144 147 148 149 163 167 168 172 181 198 25 26 27 28 29 3 37 39 4 5 51 71 76 86 9 90 92 96 
157 -> 115 152 180 6 
167 -> 102 115 126 128 13 133 136 138 140 145 147 149 153 155 156 163 169 172 173 176 184 189 191 198 18 26 27 28 29 3 4 47 5 51 70 73 75 77 79 85 86 88 90 96 97 
60 -> 1 10 12 14 18 19 20 23 24 31 32 33 35 36 40 44 46 49 50 52 53 54 55 56 57 58 100 101 105 106 107 108 109 110 111 112 114 118 121 122 123 125 127 129 130 131 132 135 136 141 142 146 150 151 154 158 161 164 166 168 171 174 179 183 187 190 192 193 194 195 196 197 61 62 63 64 65 66 68 69 70 72 78 80 81 83 88 89 91 93 94 95 98 99 7 8 
185 -> 127 130 136 14 142 150 151 165 192 19 49 57 7 70 83 
104 -> 1 103 105 107 108 154 159 168 171 15 16 24 35 42 46 48 74 78 81 91 
Time in nanoseconds : 226800400

Solving: Basic set cover
Solving: All combinations check
Greedy algorithm
3242500 3315700 3920500 3923800 4025900 4209300 4283200 4633800 4687400 5397300 
Median value: 4246250.000000
Average value: 4163940.000000
Min value: 3242500

Fomin set cover algorithm
168212700 173316000 176806700 178664000 180967500 181881400 188683500 193620800 209907900 220398800 
Median value: 185282450.000000
Average value: 187245930.000000
Min value: 168212700

Rooij set cover algorithm
217707700 223655800 226800400 229505500 230097700 238076600 240899800 249796800 253179100 306242800 
Median value: 239488200.000000
Average value: 241596220.000000
Min value: 217707700

Basic set cover
Graph is too large to find a median, average or min value for using this method.

All combinations check
Graph is too large to find a median, average or min value for using this method.

